<?xml version="1.0" encoding="UTF-8"?>
<testng-results ignored="0" total="1" passed="1" failed="0" skipped="0">
  <reporter-output>
  </reporter-output>
  <suite started-at="2022-08-21T14:22:48 GST" name="Command line suite" finished-at="2022-08-21T14:22:48 GST" duration-ms="202">
    <groups>
      <group name="cucumber">
        <method signature="AbstractTestNGCucumberTests.feature(cucumber.api.testng.CucumberFeatureWrapper)[pri:0, instance:com.testrunner.TestRunner@1a84f40f]" name="feature" class="cucumber.api.testng.AbstractTestNGCucumberTests"/>
      </group> <!-- cucumber -->
    </groups>
    <test started-at="2022-08-21T14:22:48 GST" name="Command line test" finished-at="2022-08-21T14:22:48 GST" duration-ms="202">
      <class name="com.testrunner.TestRunner">
        <test-method is-config="true" signature="setUpClass()[pri:0, instance:com.testrunner.TestRunner@1a84f40f]" started-at="2022-08-21T14:22:48 GST" name="setUpClass" finished-at="2022-08-21T14:22:48 GST" duration-ms="119" status="PASS">
          <reporter-output>
          </reporter-output>
        </test-method> <!-- setUpClass -->
        <test-method signature="feature(cucumber.api.testng.CucumberFeatureWrapper)[pri:0, instance:com.testrunner.TestRunner@1a84f40f]" started-at="2022-08-21T14:22:48 GST" name="feature" description="Runs Cucumber Feature" data-provider="features" finished-at="2022-08-21T14:22:48 GST" duration-ms="7" status="PASS">
          <params>
            <param index="0">
              <value>
                <![CDATA[Execute the API test cases]]>
              </value>
            </param>
          </params>
          <reporter-output>
          </reporter-output>
        </test-method> <!-- feature -->
        <test-method is-config="true" signature="tearDownClass()[pri:0, instance:com.testrunner.TestRunner@1a84f40f]" started-at="2022-08-21T14:22:48 GST" name="tearDownClass" finished-at="2022-08-21T14:22:48 GST" duration-ms="5" status="PASS">
          <reporter-output>
          </reporter-output>
        </test-method> <!-- tearDownClass -->
      </class> <!-- com.testrunner.TestRunner -->
    </test> <!-- Command line test -->
  </suite> <!-- Command line suite -->
</testng-results>
